<?xml version="1.0" encoding="UTF-8"?>
<!-- Generated by org.testng.reporters.JUnitReportReporter -->
<testsuite hostname="LAPTOP-RQ5ADVUS" failures="0" tests="4" name="magentoNewProject.myTestCases" time="45.911" errors="0" timestamp="2024-02-19T21:41:40 EET" skipped="0">
  <testcase classname="magentoNewProject.myTestCases" name="signup" time="6.883"/>
  <system-out/>
  <testcase classname="magentoNewProject.myTestCases" name="logout" time="1.542"/>
  <system-out/>
  <testcase classname="magentoNewProject.myTestCases" name="login" time="6.981"/>
  <system-out/>
  <testcase classname="magentoNewProject.myTestCases" name="bagSection" time="30.505"/>
  <system-out/>
</testsuite> <!-- magentoNewProject.myTestCases -->
