<?xml version="1.0" encoding="UTF-8"?>
<!-- Generated by org.testng.reporters.JUnitReportReporter -->
<testsuite hostname="LAPTOP-RQ5ADVUS" failures="0" tests="5" name="magentoNewProject.myTestCases" time="61.672" errors="0" timestamp="2024-02-20T20:54:50 EET" skipped="0">
  <testcase classname="magentoNewProject.myTestCases" name="signup" time="9.053"/>
  <system-out/>
  <testcase classname="magentoNewProject.myTestCases" name="logout" time="1.884"/>
  <system-out/>
  <testcase classname="magentoNewProject.myTestCases" name="login" time="6.992"/>
  <system-out/>
  <testcase classname="magentoNewProject.myTestCases" name="bagSection" time="26.873"/>
  <system-out/>
  <testcase classname="magentoNewProject.myTestCases" name="checkOutProccess" time="16.870"/>
  <system-out/>
</testsuite> <!-- magentoNewProject.myTestCases -->
