<?xml version="1.0" encoding="UTF-8"?>
<!-- Generated by org.testng.reporters.JUnitReportReporter -->
<testsuite hostname="LAPTOP-RQ5ADVUS" failures="0" tests="4" name="magentoNewProject.myTestCases" time="42.504" errors="0" timestamp="2024-02-19T22:19:22 EET" skipped="0">
  <testcase classname="magentoNewProject.myTestCases" name="signup" time="6.965"/>
  <system-out/>
  <testcase classname="magentoNewProject.myTestCases" name="logout" time="1.548"/>
  <system-out/>
  <testcase classname="magentoNewProject.myTestCases" name="login" time="8.558"/>
  <system-out/>
  <testcase classname="magentoNewProject.myTestCases" name="bagSection" time="25.433"/>
  <system-out/>
</testsuite> <!-- magentoNewProject.myTestCases -->
